\BOOKMARK [1][-]{section.1}{\376\377\144\130\211\201}{}% 1
\BOOKMARK [1][-]{section.2}{\376\377\170\024\172\166\122\325\152\137\202\007\170\024\172\166\125\117\230\114}{}% 2
\BOOKMARK [1][-]{section.3}{\376\377\145\207\163\173\126\336\230\147\202\007\143\242\212\016}{}% 3
\BOOKMARK [2][-]{subsection.3.1}{\376\377\116\244\220\032\155\101\230\020\156\054\152\041\127\213\166\370\225\334\170\024\172\166}{section.3}% 4
\BOOKMARK [2][-]{subsection.3.2}{\376\377\201\163\216\017\216\312\121\161\116\253\174\373\175\161\116\113\172\331\236\336\230\020\156\054\166\370\225\334\170\024\172\166}{section.3}% 5
\BOOKMARK [2][-]{subsection.3.3}{\376\377\171\136\175\223\175\262\215\357\147\266\151\313\144\034\134\013\166\370\225\334\170\024\172\166}{section.3}% 6
\BOOKMARK [2][-]{subsection.3.4}{\376\377\000O\000n\000e\000-\000S\000h\000o\000t\000\040\000N\000A\000S\123\312\144\034\134\013\173\126\165\145\166\370\225\334\170\024\172\166}{section.3}% 7
\BOOKMARK [1][-]{section.4}{\376\377\170\024\172\166\145\271\154\325}{}% 8
\BOOKMARK [2][-]{subsection.4.1}{\376\377\172\172\225\223\202\007\146\102\225\223\166\204\166\370\116\222\117\235\214\364\140\047}{section.4}% 9
\BOOKMARK [2][-]{subsection.4.2}{\376\377\000O\000n\000e\000-\000S\000h\000o\000t\000\040\000N\000A\000S\000\040\123\312\201\352\220\151\141\311\220\000\160\153\127\372\126\340\157\024\173\227\154\325}{section.4}% 10
\BOOKMARK [2][-]{subsection.4.3}{\376\377\202\010\215\243\143\007\145\170}{section.4}% 11
\BOOKMARK [2][-]{subsection.4.4}{\376\377\147\000\117\163\123\026\152\041\127\213\215\205\123\303\145\170}{section.4}% 12
\BOOKMARK [1][-]{section.5}{\376\377\133\346\232\127}{}% 13
\BOOKMARK [2][-]{subsection.5.1}{\376\377\164\260\130\203\212\055\177\156}{section.5}% 14
\BOOKMARK [2][-]{subsection.5.2}{\376\377\171\136\175\223\175\262\215\357\147\266\151\313\144\034\134\013\122\115\206\125\164\006}{section.5}% 15
\BOOKMARK [3][-]{subsubsection.5.2.1}{\376\377\121\215\136\163\210\141\134\015\145\274\121\154\121\161\201\352\210\114\216\312\174\373\175\161\166\204\137\161\227\377}{subsection.5.2}% 16
\BOOKMARK [3][-]{subsubsection.5.2.2}{\376\377\216\312\155\101\221\317}{subsection.5.2}% 17
\BOOKMARK [3][-]{subsubsection.5.2.3}{\376\377\172\331\236\336\216\312\217\033\145\170\166\356}{subsection.5.2}% 18
\BOOKMARK [3][-]{subsubsection.5.2.4}{\376\377\123\303\145\170\212\055\133\232}{subsection.5.2}% 19
\BOOKMARK [2][-]{subsection.5.3}{\376\377\215\205\123\303\145\170\121\052\123\026\122\115\206\125\164\006}{section.5}% 20
\BOOKMARK [3][-]{subsubsection.5.3.1}{\376\377\175\350\170\274\212\055\212\010}{subsection.5.3}% 21
\BOOKMARK [3][-]{subsubsection.5.3.2}{\376\377\123\303\145\170\212\055\133\232}{subsection.5.3}% 22
\BOOKMARK [2][-]{subsection.5.4}{\376\377\133\346\232\127\175\120\147\234}{section.5}% 23
\BOOKMARK [3][-]{subsubsection.5.4.1}{\376\377\171\136\175\223\175\262\215\357\147\266\151\313\144\034\134\013\142\020\147\234}{subsection.5.4}% 24
\BOOKMARK [3][-]{subsubsection.5.4.2}{\376\377\215\205\123\303\145\170\121\052\123\026\142\020\147\234}{subsection.5.4}% 25
\BOOKMARK [2][-]{subsection.5.5}{\376\377\117\177\165\050\200\005\116\313\227\142\212\055\212\010}{section.5}% 26
\BOOKMARK [1][-]{section.6}{\376\377\175\120\212\326}{}% 27
\BOOKMARK [1][-]{section.7}{\376\377\212\125\133\351\141\017\211\213\202\007\126\336\211\206}{}% 28
\BOOKMARK [1][-]{section.8}{\376\377\201\364\213\035\124\214\200\162\146\016}{}% 29
\BOOKMARK [1][-]{section*.18}{\376\377\123\303\200\003\145\207\163\173}{}% 30
